<?xml version="1.0" encoding="UTF-8"?>
<testng-results skipped="0" failed="0" total="1" passed="1">
  <reporter-output>
  </reporter-output>
  <suite name="Suite" duration-ms="390" started-at="2019-10-13T12:45:44Z" finished-at="2019-10-13T12:45:44Z">
    <groups>
    </groups>
    <test name="Test" duration-ms="390" started-at="2019-10-13T12:45:44Z" finished-at="2019-10-13T12:45:44Z">
      <class name="BatDemo">
        <test-method status="PASS" signature="main()[pri:0, instance:BatDemo@2d6a9952]" name="main" duration-ms="361" started-at="2019-10-13T18:15:44Z" finished-at="2019-10-13T18:15:44Z">
          <reporter-output>
          </reporter-output>
        </test-method> <!-- main -->
      </class> <!-- BatDemo -->
    </test> <!-- Test -->
  </suite> <!-- Suite -->
</testng-results>
