<?xml version="1.0" encoding="UTF-8"?>
<testng-results skipped="0" failed="0" total="1" passed="1">
  <reporter-output>
  </reporter-output>
  <suite name="Suite" duration-ms="433" started-at="2020-03-09T16:14:24Z" finished-at="2020-03-09T16:14:25Z">
    <groups>
    </groups>
    <test name="Test" duration-ms="433" started-at="2020-03-09T16:14:24Z" finished-at="2020-03-09T16:14:25Z">
      <class name="BatDemo">
        <test-method status="PASS" signature="main1(java.lang.String)[pri:0, instance:BatDemo@1bc6a36e]" name="main1" duration-ms="301" started-at="2020-03-09T21:44:24Z" finished-at="2020-03-09T21:44:25Z">
          <params>
            <param index="0">
              <value>
                <![CDATA[ie]]>
              </value>
            </param>
          </params>
          <reporter-output>
          </reporter-output>
        </test-method> <!-- main1 -->
      </class> <!-- BatDemo -->
    </test> <!-- Test -->
  </suite> <!-- Suite -->
</testng-results>
